<?xml version="1.0" encoding="UTF-8"?>
<testsuite xmlns:xsi="http://www.w3.org/2001/XMLSchema-instance" xsi:noNamespaceSchemaLocation="https://maven.apache.org/surefire/maven-surefire-plugin/xsd/surefire-test-report-3.0.xsd" version="3.0" name="com.espotify.EspotifyApplicationTests" time="28.065" tests="1" errors="0" skipped="0" failures="0">
  <properties>
[...]
</properties>
  <testcase name="contextLoads" classname="com.espotify.EspotifyApplicationTests" time="1.228">
    <system-out><![CDATA[17:43:09.236 [main] INFO org.springframework.test.context.support.AnnotationConfigContextLoaderUtils -- Could not detect default configuration classes for test class [com.espotify.EspotifyApplicationTests]: EspotifyApplicationTests does not declare any static, non-private, non-final, nested classes annotated with @Configuration.
17:43:09.528 [main] INFO org.springframework.boot.test.context.SpringBootTestContextBootstrapper -- Found @SpringBootConfiguration com.espotify.EspotifyApplication for test class com.espotify.EspotifyApplicationTests

  .   ____          _            __ _ _
 /\\ / ___'_ __ _ _(_)_ __  __ _ \ \ \ \
( ( )\___ | '_ | '_| | '_ \/ _` | \ \ \ \
 \\/  ___)| |_)| | | | | || (_| |  ) ) ) )
  '  |____| .__|_| |_|_| |_\__, | / / / /
 =========|_|==============|___/=/_/_/_/
 :: Spring Boot ::                (v3.1.4)

2023-10-24T17:43:10.741-04:00  INFO 2277 --- [           main] com.espotify.EspotifyApplicationTests    : Starting EspotifyApplicationTests using Java 17.0.8 with PID 2277 (started by william in /home/william/Programming/Java/Projects/Espotify-Back)
2023-10-24T17:43:10.743-04:00  INFO 2277 --- [           main] com.espotify.EspotifyApplicationTests    : No active profile set, falling back to 1 default profile: "default"
2023-10-24T17:43:13.600-04:00  INFO 2277 --- [           main] .s.d.r.c.RepositoryConfigurationDelegate : Multiple Spring Data modules found, entering strict repository configuration mode
2023-10-24T17:43:13.610-04:00  INFO 2277 --- [           main] .s.d.r.c.RepositoryConfigurationDelegate : Bootstrapping Spring Data JPA repositories in DEFAULT mode.
2023-10-24T17:43:13.682-04:00  INFO 2277 --- [           main] .RepositoryConfigurationExtensionSupport : Spring Data JPA - Could not safely identify store assignment for repository candidate interface com.espotify.mongodb.repository.ImageRepository; If you want this repository to be a JPA repository, consider annotating your entities with one of these annotations: jakarta.persistence.Entity, jakarta.persistence.MappedSuperclass (preferred), or consider extending one of the following types with your repository: org.springframework.data.jpa.repository.JpaRepository
2023-10-24T17:43:13.767-04:00  INFO 2277 --- [           main] .s.d.r.c.RepositoryConfigurationDelegate : Finished Spring Data repository scanning in 137 ms. Found 6 JPA repository interfaces.
2023-10-24T17:43:13.950-04:00  INFO 2277 --- [           main] .s.d.r.c.RepositoryConfigurationDelegate : Multiple Spring Data modules found, entering strict repository configuration mode
2023-10-24T17:43:13.951-04:00  INFO 2277 --- [           main] .s.d.r.c.RepositoryConfigurationDelegate : Bootstrapping Spring Data MongoDB repositories in DEFAULT mode.
2023-10-24T17:43:13.967-04:00  INFO 2277 --- [           main] .RepositoryConfigurationExtensionSupport : Spring Data MongoDB - Could not safely identify store assignment for repository candidate interface com.espotify.mysql.repository.ArtistRepository; If you want this repository to be a MongoDB repository, consider annotating your entities with one of these annotations: org.springframework.data.mongodb.core.mapping.Document (preferred), or consider extending one of the following types with your repository: org.springframework.data.mongodb.repository.MongoRepository
2023-10-24T17:43:13.969-04:00  INFO 2277 --- [           main] .RepositoryConfigurationExtensionSupport : Spring Data MongoDB - Could not safely identify store assignment for repository candidate interface com.espotify.mysql.repository.PlayListRepository; If you want this repository to be a MongoDB repository, consider annotating your entities with one of these annotations: org.springframework.data.mongodb.core.mapping.Document (preferred), or consider extending one of the following types with your repository: org.springframework.data.mongodb.repository.MongoRepository
2023-10-24T17:43:13.969-04:00  INFO 2277 --- [           main] .RepositoryConfigurationExtensionSupport : Spring Data MongoDB - Could not safely identify store assignment for repository candidate interface com.espotify.mysql.repository.PlayListSongRepository; If you want this repository to be a MongoDB repository, consider annotating your entities with one of these annotations: org.springframework.data.mongodb.core.mapping.Document (preferred), or consider extending one of the following types with your repository: org.springframework.data.mongodb.repository.MongoRepository
2023-10-24T17:43:13.970-04:00  INFO 2277 --- [           main] .RepositoryConfigurationExtensionSupport : Spring Data MongoDB - Could not safely identify store assignment for repository candidate interface com.espotify.mysql.repository.SongRepository; If you want this repository to be a MongoDB repository, consider annotating your entities with one of these annotations: org.springframework.data.mongodb.core.mapping.Document (preferred), or consider extending one of the following types with your repository: org.springframework.data.mongodb.repository.MongoRepository
2023-10-24T17:43:13.971-04:00  INFO 2277 --- [           main] .RepositoryConfigurationExtensionSupport : Spring Data MongoDB - Could not safely identify store assignment for repository candidate interface com.espotify.mysql.repository.ThumbnailRepository; If you want this repository to be a MongoDB repository, consider annotating your entities with one of these annotations: org.springframework.data.mongodb.core.mapping.Document (preferred), or consider extending one of the following types with your repository: org.springframework.data.mongodb.repository.MongoRepository
2023-10-24T17:43:13.972-04:00  INFO 2277 --- [           main] .RepositoryConfigurationExtensionSupport : Spring Data MongoDB - Could not safely identify store assignment for repository candidate interface com.espotify.mysql.repository.UserRepository; If you want this repository to be a MongoDB repository, consider annotating your entities with one of these annotations: org.springframework.data.mongodb.core.mapping.Document (preferred), or consider extending one of the following types with your repository: org.springframework.data.mongodb.repository.MongoRepository
2023-10-24T17:43:13.983-04:00  INFO 2277 --- [           main] .s.d.r.c.RepositoryConfigurationDelegate : Finished Spring Data repository scanning in 31 ms. Found 1 MongoDB repository interfaces.
2023-10-24T17:43:15.424-04:00  INFO 2277 --- [           main] o.hibernate.jpa.internal.util.LogHelper  : HHH000204: Processing PersistenceUnitInfo [name: default]
2023-10-24T17:43:15.709-04:00  INFO 2277 --- [           main] org.hibernate.Version                    : HHH000412: Hibernate ORM core version 6.2.9.Final
2023-10-24T17:43:15.723-04:00  INFO 2277 --- [           main] org.hibernate.cfg.Environment            : HHH000406: Using bytecode reflection optimizer
2023-10-24T17:43:16.180-04:00  INFO 2277 --- [           main] o.h.b.i.BytecodeProviderInitiator        : HHH000021: Bytecode provider name : bytebuddy
2023-10-24T17:43:16.537-04:00  INFO 2277 --- [           main] o.s.o.j.p.SpringPersistenceUnitInfo      : No LoadTimeWeaver setup: ignoring JPA class transformer
2023-10-24T17:43:16.619-04:00  INFO 2277 --- [           main] com.zaxxer.hikari.HikariDataSource       : HikariPool-1 - Starting...
2023-10-24T17:43:21.244-04:00  INFO 2277 --- [           main] com.zaxxer.hikari.pool.HikariPool        : HikariPool-1 - Added connection com.mysql.cj.jdbc.ConnectionImpl@2037f12b
2023-10-24T17:43:21.251-04:00  INFO 2277 --- [           main] com.zaxxer.hikari.HikariDataSource       : HikariPool-1 - Start completed.
2023-10-24T17:43:22.492-04:00  INFO 2277 --- [           main] o.h.b.i.BytecodeProviderInitiator        : HHH000021: Bytecode provider name : bytebuddy
2023-10-24T17:43:24.168-04:00  INFO 2277 --- [           main] o.h.e.t.j.p.i.JtaPlatformInitiator       : HHH000490: Using JtaPlatform implementation: [org.hibernate.engine.transaction.jta.platform.internal.NoJtaPlatform]
2023-10-24T17:43:31.543-04:00  INFO 2277 --- [           main] j.LocalContainerEntityManagerFactoryBean : Initialized JPA EntityManagerFactory for persistence unit 'default'
2023-10-24T17:43:32.908-04:00  INFO 2277 --- [           main] org.mongodb.driver.client                : MongoClient with metadata {"driver": {"name": "mongo-java-driver|sync|spring-boot", "version": "4.9.1"}, "os": {"type": "Linux", "name": "Linux", "architecture": "amd64", "version": "6.1.0-13-amd64"}, "platform": "Java/Debian/17.0.8+7-Debian-1deb12u1"} created with settings MongoClientSettings{readPreference=primary, writeConcern=WriteConcern{w=majority, wTimeout=null ms, journal=null}, retryWrites=true, retryReads=true, readConcern=ReadConcern{level=null}, credential=MongoCredential{mechanism=null, userName='william', source='admin', password=<hidden>, mechanismProperties=<hidden>}, streamFactoryFactory=null, commandListeners=[], codecRegistry=ProvidersCodecRegistry{codecProviders=[ValueCodecProvider{}, BsonValueCodecProvider{}, DBRefCodecProvider{}, DBObjectCodecProvider{}, DocumentCodecProvider{}, CollectionCodecProvider{}, IterableCodecProvider{}, MapCodecProvider{}, GeoJsonCodecProvider{}, GridFSFileCodecProvider{}, Jsr310CodecProvider{}, JsonObjectCodecProvider{}, BsonCodecProvider{}, EnumCodecProvider{}, com.mongodb.client.model.mql.ExpressionCodecProvider@5e085259, com.mongodb.Jep395RecordCodecProvider@68ea1eb5]}, loggerSettings=LoggerSettings{maxDocumentLength=1000}, clusterSettings={hosts=[127.0.0.1:27017], srvHost=cluster0.tqktjoa.mongodb.net, srvServiceName=mongodb, mode=MULTIPLE, requiredClusterType=REPLICA_SET, requiredReplicaSetName='atlas-147d9t-shard-0', serverSelector='null', clusterListeners='[]', serverSelectionTimeout='30000 ms', localThreshold='30000 ms'}, socketSettings=SocketSettings{connectTimeoutMS=10000, readTimeoutMS=0, receiveBufferSize=0, sendBufferSize=0}, heartbeatSocketSettings=SocketSettings{connectTimeoutMS=10000, readTimeoutMS=10000, receiveBufferSize=0, sendBufferSize=0}, connectionPoolSettings=ConnectionPoolSettings{maxSize=100, minSize=0, maxWaitTimeMS=120000, maxConnectionLifeTimeMS=0, maxConnectionIdleTimeMS=0, maintenanceInitialDelayMS=0, maintenanceFrequencyMS=60000, connectionPoolListeners=[], maxConnecting=2}, serverSettings=ServerSettings{heartbeatFrequencyMS=10000, minHeartbeatFrequencyMS=500, serverListeners='[]', serverMonitorListeners='[]'}, sslSettings=SslSettings{enabled=true, invalidHostNameAllowed=false, context=null}, applicationName='null', compressorList=[], uuidRepresentation=JAVA_LEGACY, serverApi=null, autoEncryptionSettings=null, contextProvider=null}
2023-10-24T17:43:32.963-04:00  INFO 2277 --- [joa.mongodb.net] org.mongodb.driver.cluster               : Adding discovered server ac-omkrco4-shard-00-00.tqktjoa.mongodb.net:27017 to client view of cluster
2023-10-24T17:43:33.054-04:00  INFO 2277 --- [joa.mongodb.net] org.mongodb.driver.cluster               : Adding discovered server ac-omkrco4-shard-00-01.tqktjoa.mongodb.net:27017 to client view of cluster
2023-10-24T17:43:33.058-04:00  INFO 2277 --- [joa.mongodb.net] org.mongodb.driver.cluster               : Adding discovered server ac-omkrco4-shard-00-02.tqktjoa.mongodb.net:27017 to client view of cluster
2023-10-24T17:43:33.893-04:00  WARN 2277 --- [           main] JpaBaseConfiguration$JpaWebConfiguration : spring.jpa.open-in-view is enabled by default. Therefore, database queries may be performed during view rendering. Explicitly configure spring.jpa.open-in-view to disable this warning
2023-10-24T17:43:33.928-04:00  WARN 2277 --- [           main] .s.s.UserDetailsServiceAutoConfiguration : 

Using generated security password: 167b720c-5306-44de-abd7-4eb1a2dca9c6

This generated password is for development use only. Your security configuration must be updated before running your application in production.

2023-10-24T17:43:34.197-04:00  INFO 2277 --- [ngodb.net:27017] org.mongodb.driver.cluster               : Monitor thread successfully connected to server with description ServerDescription{address=ac-omkrco4-shard-00-00.tqktjoa.mongodb.net:27017, type=REPLICA_SET_SECONDARY, state=CONNECTED, ok=true, minWireVersion=0, maxWireVersion=17, maxDocumentSize=16777216, logicalSessionTimeoutMinutes=30, roundTripTimeNanos=754405929, setName='atlas-147d9t-shard-0', canonicalAddress=ac-omkrco4-shard-00-00.tqktjoa.mongodb.net:27017, hosts=[ac-omkrco4-shard-00-01.tqktjoa.mongodb.net:27017, ac-omkrco4-shard-00-02.tqktjoa.mongodb.net:27017, ac-omkrco4-shard-00-00.tqktjoa.mongodb.net:27017], passives=[], arbiters=[], primary='ac-omkrco4-shard-00-01.tqktjoa.mongodb.net:27017', tagSet=TagSet{[Tag{name='nodeType', value='ELECTABLE'}, Tag{name='provider', value='AWS'}, Tag{name='region', value='SA_EAST_1'}, Tag{name='workloadType', value='OPERATIONAL'}]}, electionId=null, setVersion=2, topologyVersion=TopologyVersion{processId=6532bc79b549113458a20d00, counter=4}, lastWriteDate=Tue Oct 24 17:43:33 BOT 2023, lastUpdateTimeNanos=1240558607204}
2023-10-24T17:43:34.200-04:00  INFO 2277 --- [ngodb.net:27017] org.mongodb.driver.cluster               : Monitor thread successfully connected to server with description ServerDescription{address=ac-omkrco4-shard-00-02.tqktjoa.mongodb.net:27017, type=REPLICA_SET_SECONDARY, state=CONNECTED, ok=true, minWireVersion=0, maxWireVersion=17, maxDocumentSize=16777216, logicalSessionTimeoutMinutes=30, roundTripTimeNanos=744549426, setName='atlas-147d9t-shard-0', canonicalAddress=ac-omkrco4-shard-00-02.tqktjoa.mongodb.net:27017, hosts=[ac-omkrco4-shard-00-01.tqktjoa.mongodb.net:27017, ac-omkrco4-shard-00-02.tqktjoa.mongodb.net:27017, ac-omkrco4-shard-00-00.tqktjoa.mongodb.net:27017], passives=[], arbiters=[], primary='ac-omkrco4-shard-00-01.tqktjoa.mongodb.net:27017', tagSet=TagSet{[Tag{name='nodeType', value='ELECTABLE'}, Tag{name='provider', value='AWS'}, Tag{name='region', value='SA_EAST_1'}, Tag{name='workloadType', value='OPERATIONAL'}]}, electionId=null, setVersion=2, topologyVersion=TopologyVersion{processId=6532c01790abdb956de340d5, counter=3}, lastWriteDate=Tue Oct 24 17:43:33 BOT 2023, lastUpdateTimeNanos=1240556379001}
2023-10-24T17:43:34.211-04:00  INFO 2277 --- [ngodb.net:27017] org.mongodb.driver.cluster               : Monitor thread successfully connected to server with description ServerDescription{address=ac-omkrco4-shard-00-01.tqktjoa.mongodb.net:27017, type=REPLICA_SET_PRIMARY, state=CONNECTED, ok=true, minWireVersion=0, maxWireVersion=17, maxDocumentSize=16777216, logicalSessionTimeoutMinutes=30, roundTripTimeNanos=740737165, setName='atlas-147d9t-shard-0', canonicalAddress=ac-omkrco4-shard-00-01.tqktjoa.mongodb.net:27017, hosts=[ac-omkrco4-shard-00-01.tqktjoa.mongodb.net:27017, ac-omkrco4-shard-00-02.tqktjoa.mongodb.net:27017, ac-omkrco4-shard-00-00.tqktjoa.mongodb.net:27017], passives=[], arbiters=[], primary='ac-omkrco4-shard-00-01.tqktjoa.mongodb.net:27017', tagSet=TagSet{[Tag{name='nodeType', value='ELECTABLE'}, Tag{name='provider', value='AWS'}, Tag{name='region', value='SA_EAST_1'}, Tag{name='workloadType', value='OPERATIONAL'}]}, electionId=7fffffff00000000000000a4, setVersion=2, topologyVersion=TopologyVersion{processId=6532be48a2af3499905d40e6, counter=6}, lastWriteDate=Tue Oct 24 17:43:33 GMT-04:00 2023, lastUpdateTimeNanos=1240548145731}
2023-10-24T17:43:34.226-04:00  INFO 2277 --- [ngodb.net:27017] org.mongodb.driver.cluster               : Discovered replica set primary ac-omkrco4-shard-00-01.tqktjoa.mongodb.net:27017 with max election id 7fffffff00000000000000a4 and max set version 2
2023-10-24T17:43:34.269-04:00  INFO 2277 --- [           main] o.s.s.web.DefaultSecurityFilterChain     : Will secure any request with [org.springframework.security.web.session.DisableEncodeUrlFilter@381f05a9, org.springframework.security.web.context.request.async.WebAsyncManagerIntegrationFilter@375682a5, org.springframework.security.web.context.SecurityContextHolderFilter@5a183fa6, org.springframework.security.web.header.HeaderWriterFilter@60cbba57, org.springframework.security.web.authentication.logout.LogoutFilter@671561b9, com.espotify.config.JwtAuthFilter@79827e71, org.springframework.security.web.savedrequest.RequestCacheAwareFilter@292b7a02, org.springframework.security.web.servletapi.SecurityContextHolderAwareRequestFilter@273e622f, org.springframework.security.web.authentication.AnonymousAuthenticationFilter@3c20abd6, org.springframework.security.web.session.SessionManagementFilter@c680819, org.springframework.security.web.access.ExceptionTranslationFilter@726d0482, org.springframework.security.web.access.intercept.AuthorizationFilter@2fb40e49]
2023-10-24T17:43:35.383-04:00  INFO 2277 --- [           main] com.espotify.EspotifyApplicationTests    : Started EspotifyApplicationTests in 25.384 seconds (process running for 27.793)
]]></system-out>
  </testcase>
</testsuite>