<?xml version="1.0" encoding="UTF-8"?>
<testsuite xmlns:xsi="http://www.w3.org/2001/XMLSchema-instance" xsi:noNamespaceSchemaLocation="https://maven.apache.org/surefire/maven-surefire-plugin/xsd/surefire-test-report-3.0.xsd" version="3.0" name="com.espotify.EspotifyApplicationTests" time="22.91" tests="1" errors="0" skipped="0" failures="0">
  <properties>
[...]
</properties>
  <testcase name="contextLoads" classname="com.espotify.EspotifyApplicationTests" time="1.238">
    <system-out><![CDATA[18:12:33.715 [main] INFO org.springframework.test.context.support.AnnotationConfigContextLoaderUtils -- Could not detect default configuration classes for test class [com.espotify.EspotifyApplicationTests]: EspotifyApplicationTests does not declare any static, non-private, non-final, nested classes annotated with @Configuration.
18:12:33.891 [main] INFO org.springframework.boot.test.context.SpringBootTestContextBootstrapper -- Found @SpringBootConfiguration com.espotify.EspotifyApplication for test class com.espotify.EspotifyApplicationTests

  .   ____          _            __ _ _
 /\\ / ___'_ __ _ _(_)_ __  __ _ \ \ \ \
( ( )\___ | '_ | '_| | '_ \/ _` | \ \ \ \
 \\/  ___)| |_)| | | | | || (_| |  ) ) ) )
  '  |____| .__|_| |_|_| |_\__, | / / / /
 =========|_|==============|___/=/_/_/_/
 :: Spring Boot ::                (v3.1.4)

2023-10-20T18:12:34.664-04:00  INFO 23568 --- [           main] com.espotify.EspotifyApplicationTests    : Starting EspotifyApplicationTests using Java 17.0.8 with PID 23568 (started by william in /home/william/Programming/Java/Projects/Espotify-Back)
2023-10-20T18:12:34.669-04:00  INFO 23568 --- [           main] com.espotify.EspotifyApplicationTests    : No active profile set, falling back to 1 default profile: "default"
2023-10-20T18:12:35.875-04:00  INFO 23568 --- [           main] .s.d.r.c.RepositoryConfigurationDelegate : Multiple Spring Data modules found, entering strict repository configuration mode
2023-10-20T18:12:35.877-04:00  INFO 23568 --- [           main] .s.d.r.c.RepositoryConfigurationDelegate : Bootstrapping Spring Data JPA repositories in DEFAULT mode.
2023-10-20T18:12:35.945-04:00  INFO 23568 --- [           main] .RepositoryConfigurationExtensionSupport : Spring Data JPA - Could not safely identify store assignment for repository candidate interface com.espotify.mongodb.repository.ImageRepository; If you want this repository to be a JPA repository, consider annotating your entities with one of these annotations: jakarta.persistence.Entity, jakarta.persistence.MappedSuperclass (preferred), or consider extending one of the following types with your repository: org.springframework.data.jpa.repository.JpaRepository
2023-10-20T18:12:36.030-04:00  INFO 23568 --- [           main] .s.d.r.c.RepositoryConfigurationDelegate : Finished Spring Data repository scanning in 141 ms. Found 5 JPA repository interfaces.
2023-10-20T18:12:36.108-04:00  INFO 23568 --- [           main] .s.d.r.c.RepositoryConfigurationDelegate : Multiple Spring Data modules found, entering strict repository configuration mode
2023-10-20T18:12:36.109-04:00  INFO 23568 --- [           main] .s.d.r.c.RepositoryConfigurationDelegate : Bootstrapping Spring Data MongoDB repositories in DEFAULT mode.
2023-10-20T18:12:36.126-04:00  INFO 23568 --- [           main] .RepositoryConfigurationExtensionSupport : Spring Data MongoDB - Could not safely identify store assignment for repository candidate interface com.espotify.mysql.repository.ArtistRepository; If you want this repository to be a MongoDB repository, consider annotating your entities with one of these annotations: org.springframework.data.mongodb.core.mapping.Document (preferred), or consider extending one of the following types with your repository: org.springframework.data.mongodb.repository.MongoRepository
2023-10-20T18:12:36.127-04:00  INFO 23568 --- [           main] .RepositoryConfigurationExtensionSupport : Spring Data MongoDB - Could not safely identify store assignment for repository candidate interface com.espotify.mysql.repository.PlayListRepository; If you want this repository to be a MongoDB repository, consider annotating your entities with one of these annotations: org.springframework.data.mongodb.core.mapping.Document (preferred), or consider extending one of the following types with your repository: org.springframework.data.mongodb.repository.MongoRepository
2023-10-20T18:12:36.128-04:00  INFO 23568 --- [           main] .RepositoryConfigurationExtensionSupport : Spring Data MongoDB - Could not safely identify store assignment for repository candidate interface com.espotify.mysql.repository.PlayListSongRepository; If you want this repository to be a MongoDB repository, consider annotating your entities with one of these annotations: org.springframework.data.mongodb.core.mapping.Document (preferred), or consider extending one of the following types with your repository: org.springframework.data.mongodb.repository.MongoRepository
2023-10-20T18:12:36.128-04:00  INFO 23568 --- [           main] .RepositoryConfigurationExtensionSupport : Spring Data MongoDB - Could not safely identify store assignment for repository candidate interface com.espotify.mysql.repository.SongRepository; If you want this repository to be a MongoDB repository, consider annotating your entities with one of these annotations: org.springframework.data.mongodb.core.mapping.Document (preferred), or consider extending one of the following types with your repository: org.springframework.data.mongodb.repository.MongoRepository
2023-10-20T18:12:36.129-04:00  INFO 23568 --- [           main] .RepositoryConfigurationExtensionSupport : Spring Data MongoDB - Could not safely identify store assignment for repository candidate interface com.espotify.mysql.repository.ThumbnailRepository; If you want this repository to be a MongoDB repository, consider annotating your entities with one of these annotations: org.springframework.data.mongodb.core.mapping.Document (preferred), or consider extending one of the following types with your repository: org.springframework.data.mongodb.repository.MongoRepository
2023-10-20T18:12:36.141-04:00  INFO 23568 --- [           main] .s.d.r.c.RepositoryConfigurationDelegate : Finished Spring Data repository scanning in 31 ms. Found 1 MongoDB repository interfaces.
2023-10-20T18:12:37.039-04:00  INFO 23568 --- [           main] o.hibernate.jpa.internal.util.LogHelper  : HHH000204: Processing PersistenceUnitInfo [name: default]
2023-10-20T18:12:37.134-04:00  INFO 23568 --- [           main] org.hibernate.Version                    : HHH000412: Hibernate ORM core version 6.2.9.Final
2023-10-20T18:12:37.138-04:00  INFO 23568 --- [           main] org.hibernate.cfg.Environment            : HHH000406: Using bytecode reflection optimizer
2023-10-20T18:12:37.386-04:00  INFO 23568 --- [           main] o.h.b.i.BytecodeProviderInitiator        : HHH000021: Bytecode provider name : bytebuddy
2023-10-20T18:12:37.545-04:00  INFO 23568 --- [           main] o.s.o.j.p.SpringPersistenceUnitInfo      : No LoadTimeWeaver setup: ignoring JPA class transformer
2023-10-20T18:12:37.572-04:00  INFO 23568 --- [           main] com.zaxxer.hikari.HikariDataSource       : HikariPool-1 - Starting...
2023-10-20T18:12:43.515-04:00  INFO 23568 --- [           main] com.zaxxer.hikari.pool.HikariPool        : HikariPool-1 - Added connection com.mysql.cj.jdbc.ConnectionImpl@1fcaea93
2023-10-20T18:12:43.527-04:00  INFO 23568 --- [           main] com.zaxxer.hikari.HikariDataSource       : HikariPool-1 - Start completed.
2023-10-20T18:12:44.667-04:00  INFO 23568 --- [           main] o.h.b.i.BytecodeProviderInitiator        : HHH000021: Bytecode provider name : bytebuddy
2023-10-20T18:12:45.863-04:00  INFO 23568 --- [           main] o.h.e.t.j.p.i.JtaPlatformInitiator       : HHH000490: Using JtaPlatform implementation: [org.hibernate.engine.transaction.jta.platform.internal.NoJtaPlatform]
Hibernate: alter table play_list add column play_list_description varchar(255)
Hibernate: alter table play_list add column thumbnail_thumbnail_id integer
Hibernate: alter table play_list add constraint FKnh0cjswmma4px4tj11bqcb0t1 foreign key (thumbnail_thumbnail_id) references thumbnail (thumbnail_id)
2023-10-20T18:12:52.528-04:00  INFO 23568 --- [           main] j.LocalContainerEntityManagerFactoryBean : Initialized JPA EntityManagerFactory for persistence unit 'default'
2023-10-20T18:12:53.030-04:00  INFO 23568 --- [           main] org.mongodb.driver.client                : MongoClient with metadata {"driver": {"name": "mongo-java-driver|sync|spring-boot", "version": "4.9.1"}, "os": {"type": "Linux", "name": "Linux", "architecture": "amd64", "version": "6.1.0-13-amd64"}, "platform": "Java/Debian/17.0.8+7-Debian-1deb12u1"} created with settings MongoClientSettings{readPreference=primary, writeConcern=WriteConcern{w=majority, wTimeout=null ms, journal=null}, retryWrites=true, retryReads=true, readConcern=ReadConcern{level=null}, credential=MongoCredential{mechanism=null, userName='william', source='admin', password=<hidden>, mechanismProperties=<hidden>}, streamFactoryFactory=null, commandListeners=[], codecRegistry=ProvidersCodecRegistry{codecProviders=[ValueCodecProvider{}, BsonValueCodecProvider{}, DBRefCodecProvider{}, DBObjectCodecProvider{}, DocumentCodecProvider{}, CollectionCodecProvider{}, IterableCodecProvider{}, MapCodecProvider{}, GeoJsonCodecProvider{}, GridFSFileCodecProvider{}, Jsr310CodecProvider{}, JsonObjectCodecProvider{}, BsonCodecProvider{}, EnumCodecProvider{}, com.mongodb.client.model.mql.ExpressionCodecProvider@5527dbb0, com.mongodb.Jep395RecordCodecProvider@483fe83a]}, loggerSettings=LoggerSettings{maxDocumentLength=1000}, clusterSettings={hosts=[127.0.0.1:27017], srvHost=cluster0.tqktjoa.mongodb.net, srvServiceName=mongodb, mode=MULTIPLE, requiredClusterType=REPLICA_SET, requiredReplicaSetName='atlas-147d9t-shard-0', serverSelector='null', clusterListeners='[]', serverSelectionTimeout='30000 ms', localThreshold='30000 ms'}, socketSettings=SocketSettings{connectTimeoutMS=10000, readTimeoutMS=0, receiveBufferSize=0, sendBufferSize=0}, heartbeatSocketSettings=SocketSettings{connectTimeoutMS=10000, readTimeoutMS=10000, receiveBufferSize=0, sendBufferSize=0}, connectionPoolSettings=ConnectionPoolSettings{maxSize=100, minSize=0, maxWaitTimeMS=120000, maxConnectionLifeTimeMS=0, maxConnectionIdleTimeMS=0, maintenanceInitialDelayMS=0, maintenanceFrequencyMS=60000, connectionPoolListeners=[], maxConnecting=2}, serverSettings=ServerSettings{heartbeatFrequencyMS=10000, minHeartbeatFrequencyMS=500, serverListeners='[]', serverMonitorListeners='[]'}, sslSettings=SslSettings{enabled=true, invalidHostNameAllowed=false, context=null}, applicationName='null', compressorList=[], uuidRepresentation=JAVA_LEGACY, serverApi=null, autoEncryptionSettings=null, contextProvider=null}
2023-10-20T18:12:53.220-04:00  INFO 23568 --- [joa.mongodb.net] org.mongodb.driver.cluster               : Adding discovered server ac-omkrco4-shard-00-00.tqktjoa.mongodb.net:27017 to client view of cluster
2023-10-20T18:12:53.291-04:00  INFO 23568 --- [joa.mongodb.net] org.mongodb.driver.cluster               : Adding discovered server ac-omkrco4-shard-00-01.tqktjoa.mongodb.net:27017 to client view of cluster
2023-10-20T18:12:53.303-04:00  INFO 23568 --- [joa.mongodb.net] org.mongodb.driver.cluster               : Adding discovered server ac-omkrco4-shard-00-02.tqktjoa.mongodb.net:27017 to client view of cluster
2023-10-20T18:12:54.367-04:00  WARN 23568 --- [           main] JpaBaseConfiguration$JpaWebConfiguration : spring.jpa.open-in-view is enabled by default. Therefore, database queries may be performed during view rendering. Explicitly configure spring.jpa.open-in-view to disable this warning
2023-10-20T18:12:54.543-04:00  INFO 23568 --- [ngodb.net:27017] org.mongodb.driver.cluster               : Monitor thread successfully connected to server with description ServerDescription{address=ac-omkrco4-shard-00-01.tqktjoa.mongodb.net:27017, type=REPLICA_SET_PRIMARY, state=CONNECTED, ok=true, minWireVersion=0, maxWireVersion=17, maxDocumentSize=16777216, logicalSessionTimeoutMinutes=30, roundTripTimeNanos=568910014, setName='atlas-147d9t-shard-0', canonicalAddress=ac-omkrco4-shard-00-01.tqktjoa.mongodb.net:27017, hosts=[ac-omkrco4-shard-00-01.tqktjoa.mongodb.net:27017, ac-omkrco4-shard-00-02.tqktjoa.mongodb.net:27017, ac-omkrco4-shard-00-00.tqktjoa.mongodb.net:27017], passives=[], arbiters=[], primary='ac-omkrco4-shard-00-01.tqktjoa.mongodb.net:27017', tagSet=TagSet{[Tag{name='nodeType', value='ELECTABLE'}, Tag{name='provider', value='AWS'}, Tag{name='region', value='SA_EAST_1'}, Tag{name='workloadType', value='OPERATIONAL'}]}, electionId=7fffffff00000000000000a4, setVersion=2, topologyVersion=TopologyVersion{processId=6532be48a2af3499905d40e6, counter=6}, lastWriteDate=Fri Oct 20 18:12:54 BOT 2023, lastUpdateTimeNanos=13481897097141}
2023-10-20T18:12:54.544-04:00  INFO 23568 --- [ngodb.net:27017] org.mongodb.driver.cluster               : Monitor thread successfully connected to server with description ServerDescription{address=ac-omkrco4-shard-00-00.tqktjoa.mongodb.net:27017, type=REPLICA_SET_SECONDARY, state=CONNECTED, ok=true, minWireVersion=0, maxWireVersion=17, maxDocumentSize=16777216, logicalSessionTimeoutMinutes=30, roundTripTimeNanos=572951293, setName='atlas-147d9t-shard-0', canonicalAddress=ac-omkrco4-shard-00-00.tqktjoa.mongodb.net:27017, hosts=[ac-omkrco4-shard-00-01.tqktjoa.mongodb.net:27017, ac-omkrco4-shard-00-02.tqktjoa.mongodb.net:27017, ac-omkrco4-shard-00-00.tqktjoa.mongodb.net:27017], passives=[], arbiters=[], primary='ac-omkrco4-shard-00-01.tqktjoa.mongodb.net:27017', tagSet=TagSet{[Tag{name='nodeType', value='ELECTABLE'}, Tag{name='provider', value='AWS'}, Tag{name='region', value='SA_EAST_1'}, Tag{name='workloadType', value='OPERATIONAL'}]}, electionId=null, setVersion=2, topologyVersion=TopologyVersion{processId=6532bc79b549113458a20d00, counter=4}, lastWriteDate=Fri Oct 20 18:12:54 BOT 2023, lastUpdateTimeNanos=13481902039213}
2023-10-20T18:12:54.545-04:00  INFO 23568 --- [ngodb.net:27017] org.mongodb.driver.cluster               : Monitor thread successfully connected to server with description ServerDescription{address=ac-omkrco4-shard-00-02.tqktjoa.mongodb.net:27017, type=REPLICA_SET_SECONDARY, state=CONNECTED, ok=true, minWireVersion=0, maxWireVersion=17, maxDocumentSize=16777216, logicalSessionTimeoutMinutes=30, roundTripTimeNanos=566331830, setName='atlas-147d9t-shard-0', canonicalAddress=ac-omkrco4-shard-00-02.tqktjoa.mongodb.net:27017, hosts=[ac-omkrco4-shard-00-01.tqktjoa.mongodb.net:27017, ac-omkrco4-shard-00-02.tqktjoa.mongodb.net:27017, ac-omkrco4-shard-00-00.tqktjoa.mongodb.net:27017], passives=[], arbiters=[], primary='ac-omkrco4-shard-00-01.tqktjoa.mongodb.net:27017', tagSet=TagSet{[Tag{name='nodeType', value='ELECTABLE'}, Tag{name='provider', value='AWS'}, Tag{name='region', value='SA_EAST_1'}, Tag{name='workloadType', value='OPERATIONAL'}]}, electionId=null, setVersion=2, topologyVersion=TopologyVersion{processId=6532c01790abdb956de340d5, counter=3}, lastWriteDate=Fri Oct 20 18:12:54 BOT 2023, lastUpdateTimeNanos=13481895282657}
2023-10-20T18:12:54.550-04:00  INFO 23568 --- [ngodb.net:27017] org.mongodb.driver.cluster               : Discovered replica set primary ac-omkrco4-shard-00-01.tqktjoa.mongodb.net:27017 with max election id 7fffffff00000000000000a4 and max set version 2
2023-10-20T18:12:55.025-04:00  INFO 23568 --- [           main] com.espotify.EspotifyApplicationTests    : Started EspotifyApplicationTests in 20.837 seconds (process running for 22.608)
]]></system-out>
  </testcase>
</testsuite>